<?xml version="1.0" encoding="UTF-8"?>
<!-- Generated by org.testng.reporters.JUnitReportReporter -->
<testsuite hostname="LAPTOP-9N98V8F5" failures="0" tests="1" name="testCases.TC01_User_Registration" time="4.251" errors="0" timestamp="2025-05-16T15:03:39 GST" skipped="0">
  <testcase classname="testCases.TC01_User_Registration" name="Registration" time="4.251"/>
</testsuite> <!-- testCases.TC01_User_Registration -->
