<?xml version="1.0" encoding="UTF-8"?>
<!-- Generated by org.testng.reporters.JUnitReportReporter -->
<testsuite hostname="LAPTOP-9N98V8F5" failures="0" tests="1" name="testCases.TC_Welcomepage" time="0.766" errors="0" timestamp="2025-05-15T13:42:49 GST" skipped="0">
  <testcase classname="testCases.TC_Welcomepage" name="Welcome" time="0.766"/>
</testsuite> <!-- testCases.TC_Welcomepage -->
