<?xml version="1.0" encoding="UTF-8"?>
<!-- Generated by org.testng.reporters.JUnitReportReporter -->
<testsuite hostname="LAPTOP-9N98V8F5" failures="0" tests="2" name="testCases.TC02_SignIn" time="6.707" errors="0" timestamp="2025-05-16T15:37:48 GST" skipped="0">
  <testcase classname="testCases.TC02_SignIn" name="Invalidcred" time="2.492"/>
  <testcase classname="testCases.TC02_SignIn" name="user_login" time="4.215"/>
</testsuite> <!-- testCases.TC02_SignIn -->
