<?xml version="1.0" encoding="UTF-8"?>
<!-- Generated by org.testng.reporters.JUnitReportReporter -->
<testsuite hostname="LAPTOP-9N98V8F5" failures="0" tests="1" name="testCases.TC03_AddtoCart" time="3.307" errors="0" timestamp="2025-05-16T15:37:48 GST" skipped="0">
  <testcase classname="testCases.TC03_AddtoCart" name="add_cart" time="3.307"/>
</testsuite> <!-- testCases.TC03_AddtoCart -->
